0 silly argv {
0 silly argv   _: [ 'version' ],
0 silly argv   lernaVersion: '5.1.8',
0 silly argv   '$0': '/Users/koteswaruduakula/Desktop/my-turborepo/node_modules/.bin/lerna',
0 silly argv   bump: 'v1.3.5'
0 silly argv }
1 notice cli v5.1.8
2 verbose rootPath /Users/koteswaruduakula/Desktop/my-turborepo
3 info current version 1.3.5
4 silly isAnythingCommitted
5 verbose isAnythingCommitted 1
6 silly getCurrentBranch
7 verbose currentBranch main
8 silly remoteBranchExists
9 silly isBehindUpstream
10 silly isBehindUpstream main is behind origin/main by 0 commit(s) and ahead by 0
11 silly hasTags
12 verbose hasTags true
13 silly git-describe.sync "v1.3.5-2-g9515f74" => {"lastTagName":"v1.3.5","lastVersion":"v1.3.5","refCount":"2","sha":"9515f74","isDirty":false}
14 info Looking for changed packages since v1.3.5
15 silly checking diff packages/package1
16 silly found diff in packages/package1/package.json
17 verbose filtered diff [ 'packages/package1/package.json' ]
18 silly checking diff packages/package2
19 silly no diff found in package2koti
20 verbose updated package1koti
21 verbose git-describe undefined => "v1.3.5-2-g9515f74"
22 silly git-describe parsed => {"lastTagName":"v1.3.5","lastVersion":"v1.3.5","refCount":"2","sha":"9515f74","isDirty":false}
23 info execute Skipping releases
24 silly lifecycle No script for "preversion" in "my-turborepo", continuing
25 silly lifecycle No script for "preversion" in "package1koti", continuing
26 silly lifecycle No script for "version" in "package1koti", continuing
27 silly lifecycle No script for "version" in "my-turborepo", continuing
28 silly gitAdd [ 'packages/package1/package.json', 'lerna.json' ]
29 silly gitCommit v1.3.5
30 verbose git [ 'commit', '-m', 'v1.3.5' ]
31 silly gitTag v1.3.5
32 verbose git [ 'tag', 'v1.3.5', '-m', 'v1.3.5' ]
33 error Error: Command failed with exit code 128: git tag v1.3.5 -m v1.3.5
33 error fatal: tag 'v1.3.5' already exists
33 error     at makeError (/Users/koteswaruduakula/Desktop/my-turborepo/node_modules/execa/lib/error.js:60:11)
33 error     at handlePromise (/Users/koteswaruduakula/Desktop/my-turborepo/node_modules/execa/index.js:118:26)
33 error     at processTicksAndRejections (node:internal/process/task_queues:96:5)
33 error     at async Promise.all (index 0)
